<testsuites id="" name="" tests="1" failures="0" skipped="0" errors="0" time="2.3673919999999926">
<testsuite name="auth.setup.ts" timestamp="2025-07-17T01:08:08.067Z" hostname="setup" tests="1" failures="0" skipped="0" time="0.89" errors="0">
<testcase name="authenticate" classname="auth.setup.ts" time="0.89">
</testcase>
</testsuite>
</testsuites>