<testsuites id="" name="" tests="1" failures="0" skipped="0" errors="0" time="25.641826000000002">
<testsuite name="auth.setup.ts" timestamp="2025-07-16T00:53:56.236Z" hostname="setup" tests="1" failures="0" skipped="0" time="3.655" errors="0">
<testcase name="authenticate" classname="auth.setup.ts" time="3.655">
</testcase>
</testsuite>
</testsuites>